<?xml version="1.0" encoding="UTF-8"?>
<!-- Generated by org.testng.reporters.JUnitXMLReporter -->
<testsuite hostname="Inspirion" name="ChromeTest" tests="3" failures="0" timestamp="1 Jul 2016 14:28:59 GMT" time="21.208" errors="0">
  <testcase name="loadPage" time="7.578" classname="epam.homework.testingGmail.GoogleTest"/>
  <testcase name="markAsImportant" time="2.336" classname="epam.homework.testingGmail.GoogleTest"/>
  <testcase name="deleteMsg" time="5.654" classname="epam.homework.testingGmail.GoogleTest"/>
</testsuite> <!-- ChromeTest -->
